<?xml version="1.0" encoding="UTF-8"?>
<robot generator="Robot 3.1.2 (Python 3.8.0 on win32)" generated="20200116 13:39:00.800" rpa="false">
<suite id="s1" name="HandleTable" source="D:\AU\ROBOT\DemoExcel\Testcase\HandleTable.robot">
<test id="s1-t1" name="Test title">
<kw name="Open Browser" library="SeleniumLibrary">
<doc>Opens a new browser instance to the given ``url``.</doc>
<arguments>
<arg>http://testautomationpractice.blogspot.com/</arg>
<arg>chrome</arg>
</arguments>
<msg timestamp="20200116 13:39:03.322" level="INFO">Opening browser 'chrome' to base url 'http://testautomationpractice.blogspot.com/'.</msg>
<status status="PASS" starttime="20200116 13:39:03.322" endtime="20200116 13:39:15.628"></status>
</kw>
<kw name="Maximize Browser Window" library="SeleniumLibrary">
<doc>Maximizes current browser window.</doc>
<status status="PASS" starttime="20200116 13:39:15.628" endtime="20200116 13:39:16.746"></status>
</kw>
<kw name="Get Element Count" library="SeleniumLibrary">
<doc>Returns number of elements matching ``locator``.</doc>
<arguments>
<arg>xpath://table[@name='BookTable']/tbody/tr</arg>
</arguments>
<assign>
<var>${rows}</var>
</assign>
<msg timestamp="20200116 13:39:16.762" level="INFO">${rows} = 7</msg>
<status status="PASS" starttime="20200116 13:39:16.748" endtime="20200116 13:39:16.762"></status>
</kw>
<kw name="Get Element Count" library="SeleniumLibrary">
<doc>Returns number of elements matching ``locator``.</doc>
<arguments>
<arg>xpath://table[@name='BookTable']/tbody/tr[1]/th</arg>
</arguments>
<assign>
<var>${cols}</var>
</assign>
<msg timestamp="20200116 13:39:16.776" level="INFO">${cols} = 4</msg>
<status status="PASS" starttime="20200116 13:39:16.763" endtime="20200116 13:39:16.776"></status>
</kw>
<kw name="Log To Console" library="BuiltIn">
<doc>Logs the given message to the console.</doc>
<arguments>
<arg>${rows}</arg>
</arguments>
<status status="PASS" starttime="20200116 13:39:16.776" endtime="20200116 13:39:16.777"></status>
</kw>
<kw name="Log To Console" library="BuiltIn">
<doc>Logs the given message to the console.</doc>
<arguments>
<arg>${cols}</arg>
</arguments>
<status status="PASS" starttime="20200116 13:39:16.777" endtime="20200116 13:39:16.779"></status>
</kw>
<kw name="Get Text" library="SeleniumLibrary">
<doc>Returns the text value of element identified by ``locator``.</doc>
<arguments>
<arg>xpath://table[@name='BookTable']/tbody/tr[3]/td[2]</arg>
</arguments>
<assign>
<var>${data}</var>
</assign>
<msg timestamp="20200116 13:39:16.819" level="INFO">${data} = Mukesh</msg>
<status status="PASS" starttime="20200116 13:39:16.781" endtime="20200116 13:39:16.819"></status>
</kw>
<kw name="Log To Console" library="BuiltIn">
<doc>Logs the given message to the console.</doc>
<arguments>
<arg>${data}</arg>
</arguments>
<status status="PASS" starttime="20200116 13:39:16.819" endtime="20200116 13:39:16.820"></status>
</kw>
<kw name="Table Column Should Contain" library="SeleniumLibrary">
<doc>Verifies table column contains text ``expected``.</doc>
<arguments>
<arg>xpath://table[@name='BookTable']</arg>
<arg>2</arg>
<arg>Author</arg>
</arguments>
<status status="PASS" starttime="20200116 13:39:16.820" endtime="20200116 13:39:16.879"></status>
</kw>
<kw name="Table Row Should Contain" library="SeleniumLibrary">
<doc>Verifies that table row contains text ``expected``.</doc>
<arguments>
<arg>xpath://table[@name='BookTable']</arg>
<arg>4</arg>
<arg>Learn JS</arg>
</arguments>
<status status="PASS" starttime="20200116 13:39:16.879" endtime="20200116 13:39:16.919"></status>
</kw>
<kw name="Table Cell Should Contain" library="SeleniumLibrary">
<doc>Verifies table cell contains text ``expected``.</doc>
<arguments>
<arg>xpath://table[@name='BookTable']</arg>
<arg>4</arg>
<arg>2</arg>
<arg>Animesh</arg>
</arguments>
<msg timestamp="20200116 13:39:16.977" level="INFO">Table cell contains 'Animesh'.</msg>
<status status="PASS" starttime="20200116 13:39:16.919" endtime="20200116 13:39:16.977"></status>
</kw>
<kw name="Table Header Should Contain" library="SeleniumLibrary">
<doc>Verifies table header contains text ``expected``.</doc>
<arguments>
<arg>xpath://table[@name='BookTable']</arg>
<arg>BookName</arg>
</arguments>
<status status="PASS" starttime="20200116 13:39:16.977" endtime="20200116 13:39:17.022"></status>
</kw>
<kw name="Close Browser" library="SeleniumLibrary">
<doc>Closes the current browser.</doc>
<status status="PASS" starttime="20200116 13:39:17.022" endtime="20200116 13:39:19.415"></status>
</kw>
<status status="PASS" starttime="20200116 13:39:03.321" endtime="20200116 13:39:19.415" critical="yes"></status>
</test>
<doc>Suite description</doc>
<status status="PASS" starttime="20200116 13:39:00.817" endtime="20200116 13:39:19.435"></status>
</suite>
<statistics>
<total>
<stat pass="1" fail="0">Critical Tests</stat>
<stat pass="1" fail="0">All Tests</stat>
</total>
<tag>
</tag>
<suite>
<stat pass="1" fail="0" id="s1" name="HandleTable">HandleTable</stat>
</suite>
</statistics>
<errors>
</errors>
</robot>
